ERROR - 2022-03-20 20:01:04 --> Error connecting to the database: Unknown database 'ci4'
CRITICAL - 2022-03-20 20:01:04 --> Unable to connect to the database.
Main connection [MySQLi]: Unknown database 'ci4'
#0 C:\xampp\htdocs\ci4-project\ci4-spark\system\Database\BaseConnection.php(577): CodeIgniter\Database\BaseConnection->initialize()
#1 C:\xampp\htdocs\ci4-project\ci4-spark\system\Database\BaseBuilder.php(1455): CodeIgniter\Database\BaseConnection->query('SELECT *\nFROM `...', Array, false)
#2 C:\xampp\htdocs\ci4-project\ci4-spark\system\Model.php(183): CodeIgniter\Database\BaseBuilder->get()
#3 C:\xampp\htdocs\ci4-project\ci4-spark\system\BaseModel.php(584): CodeIgniter\Model->doFindAll(0, 0)
#4 C:\xampp\htdocs\ci4-project\ci4-spark\app\Controllers\Cliente.php(17): CodeIgniter\BaseModel->findAll()
#5 C:\xampp\htdocs\ci4-project\ci4-spark\system\CodeIgniter.php(832): App\Controllers\Cliente->index()
#6 C:\xampp\htdocs\ci4-project\ci4-spark\system\CodeIgniter.php(419): CodeIgniter\CodeIgniter->runController(Object(App\Controllers\Cliente))
#7 C:\xampp\htdocs\ci4-project\ci4-spark\system\CodeIgniter.php(326): CodeIgniter\CodeIgniter->handleRequest(NULL, Object(Config\Cache), false)
#8 C:\xampp\htdocs\ci4-project\ci4-spark\public\index.php(37): CodeIgniter\CodeIgniter->run()
#9 {main}
ERROR - 2022-03-20 20:01:20 --> Error connecting to the database: Unknown database 'ci4'
CRITICAL - 2022-03-20 20:01:20 --> Unable to connect to the database.
Main connection [MySQLi]: Unknown database 'ci4'
#0 C:\xampp\htdocs\ci4-project\ci4-spark\system\Database\BaseConnection.php(577): CodeIgniter\Database\BaseConnection->initialize()
#1 C:\xampp\htdocs\ci4-project\ci4-spark\system\Database\BaseBuilder.php(1455): CodeIgniter\Database\BaseConnection->query('SELECT *\nFROM `...', Array, false)
#2 C:\xampp\htdocs\ci4-project\ci4-spark\system\Model.php(183): CodeIgniter\Database\BaseBuilder->get()
#3 C:\xampp\htdocs\ci4-project\ci4-spark\system\BaseModel.php(584): CodeIgniter\Model->doFindAll(0, 0)
#4 C:\xampp\htdocs\ci4-project\ci4-spark\app\Controllers\Cliente.php(17): CodeIgniter\BaseModel->findAll()
#5 C:\xampp\htdocs\ci4-project\ci4-spark\system\CodeIgniter.php(832): App\Controllers\Cliente->index()
#6 C:\xampp\htdocs\ci4-project\ci4-spark\system\CodeIgniter.php(419): CodeIgniter\CodeIgniter->runController(Object(App\Controllers\Cliente))
#7 C:\xampp\htdocs\ci4-project\ci4-spark\system\CodeIgniter.php(326): CodeIgniter\CodeIgniter->handleRequest(NULL, Object(Config\Cache), false)
#8 C:\xampp\htdocs\ci4-project\ci4-spark\public\index.php(37): CodeIgniter\CodeIgniter->run()
#9 {main}
CRITICAL - 2022-03-20 20:01:51 --> Array to string conversion
#0 C:\xampp\htdocs\ci4-project\ci4-spark\app\Controllers\Cliente.php(19): CodeIgniter\Debug\Exceptions->errorHandler(8, 'Array to string...', 'C:\\xampp\\htdocs...', 19, Array)
#1 C:\xampp\htdocs\ci4-project\ci4-spark\system\CodeIgniter.php(832): App\Controllers\Cliente->index()
#2 C:\xampp\htdocs\ci4-project\ci4-spark\system\CodeIgniter.php(419): CodeIgniter\CodeIgniter->runController(Object(App\Controllers\Cliente))
#3 C:\xampp\htdocs\ci4-project\ci4-spark\system\CodeIgniter.php(326): CodeIgniter\CodeIgniter->handleRequest(NULL, Object(Config\Cache), false)
#4 C:\xampp\htdocs\ci4-project\ci4-spark\public\index.php(37): CodeIgniter\CodeIgniter->run()
#5 {main}
CRITICAL - 2022-03-20 20:02:03 --> Array to string conversion
#0 C:\xampp\htdocs\ci4-project\ci4-spark\app\Controllers\Cliente.php(19): CodeIgniter\Debug\Exceptions->errorHandler(8, 'Array to string...', 'C:\\xampp\\htdocs...', 19, Array)
#1 C:\xampp\htdocs\ci4-project\ci4-spark\system\CodeIgniter.php(832): App\Controllers\Cliente->index()
#2 C:\xampp\htdocs\ci4-project\ci4-spark\system\CodeIgniter.php(419): CodeIgniter\CodeIgniter->runController(Object(App\Controllers\Cliente))
#3 C:\xampp\htdocs\ci4-project\ci4-spark\system\CodeIgniter.php(326): CodeIgniter\CodeIgniter->handleRequest(NULL, Object(Config\Cache), false)
#4 C:\xampp\htdocs\ci4-project\ci4-spark\public\index.php(37): CodeIgniter\CodeIgniter->run()
#5 {main}
CRITICAL - 2022-03-20 20:34:19 --> Undefined variable: cliente
#0 C:\xampp\htdocs\ci4-project\ci4-spark\app\Views\cliente\index.php(173): CodeIgniter\Debug\Exceptions->errorHandler(8, 'Undefined varia...', 'C:\\xampp\\htdocs...', 173, Array)
#1 C:\xampp\htdocs\ci4-project\ci4-spark\system\View\View.php(210): include('C:\\xampp\\htdocs...')
#2 C:\xampp\htdocs\ci4-project\ci4-spark\system\View\View.php(213): CodeIgniter\View\View->CodeIgniter\View\{closure}()
#3 C:\xampp\htdocs\ci4-project\ci4-spark\system\Common.php(1089): CodeIgniter\View\View->render('cliente/index', Array, true)
#4 C:\xampp\htdocs\ci4-project\ci4-spark\app\Controllers\Cliente.php(20): view('cliente/index', Array)
#5 C:\xampp\htdocs\ci4-project\ci4-spark\system\CodeIgniter.php(832): App\Controllers\Cliente->index()
#6 C:\xampp\htdocs\ci4-project\ci4-spark\system\CodeIgniter.php(419): CodeIgniter\CodeIgniter->runController(Object(App\Controllers\Cliente))
#7 C:\xampp\htdocs\ci4-project\ci4-spark\system\CodeIgniter.php(326): CodeIgniter\CodeIgniter->handleRequest(NULL, Object(Config\Cache), false)
#8 C:\xampp\htdocs\ci4-project\ci4-spark\public\index.php(37): CodeIgniter\CodeIgniter->run()
#9 C:\xampp\htdocs\ci4-project\ci4-spark\system\Commands\Server\rewrite.php(43): require_once('C:\\xampp\\htdocs...')
#10 {main}
CRITICAL - 2022-03-20 20:34:23 --> Undefined variable: cliente
#0 C:\xampp\htdocs\ci4-project\ci4-spark\app\Views\cliente\index.php(173): CodeIgniter\Debug\Exceptions->errorHandler(8, 'Undefined varia...', 'C:\\xampp\\htdocs...', 173, Array)
#1 C:\xampp\htdocs\ci4-project\ci4-spark\system\View\View.php(210): include('C:\\xampp\\htdocs...')
#2 C:\xampp\htdocs\ci4-project\ci4-spark\system\View\View.php(213): CodeIgniter\View\View->CodeIgniter\View\{closure}()
#3 C:\xampp\htdocs\ci4-project\ci4-spark\system\Common.php(1089): CodeIgniter\View\View->render('cliente/index', Array, true)
#4 C:\xampp\htdocs\ci4-project\ci4-spark\app\Controllers\Cliente.php(20): view('cliente/index', Array)
#5 C:\xampp\htdocs\ci4-project\ci4-spark\system\CodeIgniter.php(832): App\Controllers\Cliente->index()
#6 C:\xampp\htdocs\ci4-project\ci4-spark\system\CodeIgniter.php(419): CodeIgniter\CodeIgniter->runController(Object(App\Controllers\Cliente))
#7 C:\xampp\htdocs\ci4-project\ci4-spark\system\CodeIgniter.php(326): CodeIgniter\CodeIgniter->handleRequest(NULL, Object(Config\Cache), false)
#8 C:\xampp\htdocs\ci4-project\ci4-spark\public\index.php(37): CodeIgniter\CodeIgniter->run()
#9 C:\xampp\htdocs\ci4-project\ci4-spark\system\Commands\Server\rewrite.php(43): require_once('C:\\xampp\\htdocs...')
#10 {main}
CRITICAL - 2022-03-20 20:34:23 --> Undefined variable: cliente
#0 C:\xampp\htdocs\ci4-project\ci4-spark\app\Views\cliente\index.php(173): CodeIgniter\Debug\Exceptions->errorHandler(8, 'Undefined varia...', 'C:\\xampp\\htdocs...', 173, Array)
#1 C:\xampp\htdocs\ci4-project\ci4-spark\system\View\View.php(210): include('C:\\xampp\\htdocs...')
#2 C:\xampp\htdocs\ci4-project\ci4-spark\system\View\View.php(213): CodeIgniter\View\View->CodeIgniter\View\{closure}()
#3 C:\xampp\htdocs\ci4-project\ci4-spark\system\Common.php(1089): CodeIgniter\View\View->render('cliente/index', Array, true)
#4 C:\xampp\htdocs\ci4-project\ci4-spark\app\Controllers\Cliente.php(20): view('cliente/index', Array)
#5 C:\xampp\htdocs\ci4-project\ci4-spark\system\CodeIgniter.php(832): App\Controllers\Cliente->index()
#6 C:\xampp\htdocs\ci4-project\ci4-spark\system\CodeIgniter.php(419): CodeIgniter\CodeIgniter->runController(Object(App\Controllers\Cliente))
#7 C:\xampp\htdocs\ci4-project\ci4-spark\system\CodeIgniter.php(326): CodeIgniter\CodeIgniter->handleRequest(NULL, Object(Config\Cache), false)
#8 C:\xampp\htdocs\ci4-project\ci4-spark\public\index.php(37): CodeIgniter\CodeIgniter->run()
#9 C:\xampp\htdocs\ci4-project\ci4-spark\system\Commands\Server\rewrite.php(43): require_once('C:\\xampp\\htdocs...')
#10 {main}
CRITICAL - 2022-03-20 20:34:24 --> Undefined variable: cliente
#0 C:\xampp\htdocs\ci4-project\ci4-spark\app\Views\cliente\index.php(173): CodeIgniter\Debug\Exceptions->errorHandler(8, 'Undefined varia...', 'C:\\xampp\\htdocs...', 173, Array)
#1 C:\xampp\htdocs\ci4-project\ci4-spark\system\View\View.php(210): include('C:\\xampp\\htdocs...')
#2 C:\xampp\htdocs\ci4-project\ci4-spark\system\View\View.php(213): CodeIgniter\View\View->CodeIgniter\View\{closure}()
#3 C:\xampp\htdocs\ci4-project\ci4-spark\system\Common.php(1089): CodeIgniter\View\View->render('cliente/index', Array, true)
#4 C:\xampp\htdocs\ci4-project\ci4-spark\app\Controllers\Cliente.php(20): view('cliente/index', Array)
#5 C:\xampp\htdocs\ci4-project\ci4-spark\system\CodeIgniter.php(832): App\Controllers\Cliente->index()
#6 C:\xampp\htdocs\ci4-project\ci4-spark\system\CodeIgniter.php(419): CodeIgniter\CodeIgniter->runController(Object(App\Controllers\Cliente))
#7 C:\xampp\htdocs\ci4-project\ci4-spark\system\CodeIgniter.php(326): CodeIgniter\CodeIgniter->handleRequest(NULL, Object(Config\Cache), false)
#8 C:\xampp\htdocs\ci4-project\ci4-spark\public\index.php(37): CodeIgniter\CodeIgniter->run()
#9 C:\xampp\htdocs\ci4-project\ci4-spark\system\Commands\Server\rewrite.php(43): require_once('C:\\xampp\\htdocs...')
#10 {main}
CRITICAL - 2022-03-20 20:34:25 --> Undefined variable: cliente
#0 C:\xampp\htdocs\ci4-project\ci4-spark\app\Views\cliente\index.php(173): CodeIgniter\Debug\Exceptions->errorHandler(8, 'Undefined varia...', 'C:\\xampp\\htdocs...', 173, Array)
#1 C:\xampp\htdocs\ci4-project\ci4-spark\system\View\View.php(210): include('C:\\xampp\\htdocs...')
#2 C:\xampp\htdocs\ci4-project\ci4-spark\system\View\View.php(213): CodeIgniter\View\View->CodeIgniter\View\{closure}()
#3 C:\xampp\htdocs\ci4-project\ci4-spark\system\Common.php(1089): CodeIgniter\View\View->render('cliente/index', Array, true)
#4 C:\xampp\htdocs\ci4-project\ci4-spark\app\Controllers\Cliente.php(20): view('cliente/index', Array)
#5 C:\xampp\htdocs\ci4-project\ci4-spark\system\CodeIgniter.php(832): App\Controllers\Cliente->index()
#6 C:\xampp\htdocs\ci4-project\ci4-spark\system\CodeIgniter.php(419): CodeIgniter\CodeIgniter->runController(Object(App\Controllers\Cliente))
#7 C:\xampp\htdocs\ci4-project\ci4-spark\system\CodeIgniter.php(326): CodeIgniter\CodeIgniter->handleRequest(NULL, Object(Config\Cache), false)
#8 C:\xampp\htdocs\ci4-project\ci4-spark\public\index.php(37): CodeIgniter\CodeIgniter->run()
#9 C:\xampp\htdocs\ci4-project\ci4-spark\system\Commands\Server\rewrite.php(43): require_once('C:\\xampp\\htdocs...')
#10 {main}
CRITICAL - 2022-03-20 22:17:20 --> Call to undefined function form_open()
#0 C:\xampp\htdocs\ci4-project\ci4-spark\system\View\View.php(210): include()
#1 C:\xampp\htdocs\ci4-project\ci4-spark\system\View\View.php(213): CodeIgniter\View\View->CodeIgniter\View\{closure}()
#2 C:\xampp\htdocs\ci4-project\ci4-spark\system\Common.php(1089): CodeIgniter\View\View->render('cliente/form', Array, true)
#3 C:\xampp\htdocs\ci4-project\ci4-spark\app\Controllers\Cliente.php(26): view('cliente/form')
#4 C:\xampp\htdocs\ci4-project\ci4-spark\system\CodeIgniter.php(832): App\Controllers\Cliente->create()
#5 C:\xampp\htdocs\ci4-project\ci4-spark\system\CodeIgniter.php(419): CodeIgniter\CodeIgniter->runController(Object(App\Controllers\Cliente))
#6 C:\xampp\htdocs\ci4-project\ci4-spark\system\CodeIgniter.php(326): CodeIgniter\CodeIgniter->handleRequest(NULL, Object(Config\Cache), false)
#7 C:\xampp\htdocs\ci4-project\ci4-spark\public\index.php(37): CodeIgniter\CodeIgniter->run()
#8 C:\xampp\htdocs\ci4-project\ci4-spark\system\Commands\Server\rewrite.php(43): require_once('C:\\xampp\\htdocs...')
#9 {main}
CRITICAL - 2022-03-20 22:17:44 --> Call to undefined function form_open()
#0 C:\xampp\htdocs\ci4-project\ci4-spark\system\View\View.php(210): include()
#1 C:\xampp\htdocs\ci4-project\ci4-spark\system\View\View.php(213): CodeIgniter\View\View->CodeIgniter\View\{closure}()
#2 C:\xampp\htdocs\ci4-project\ci4-spark\system\Common.php(1089): CodeIgniter\View\View->render('cliente/form', Array, true)
#3 C:\xampp\htdocs\ci4-project\ci4-spark\app\Controllers\Cliente.php(26): view('cliente/form')
#4 C:\xampp\htdocs\ci4-project\ci4-spark\system\CodeIgniter.php(832): App\Controllers\Cliente->create()
#5 C:\xampp\htdocs\ci4-project\ci4-spark\system\CodeIgniter.php(419): CodeIgniter\CodeIgniter->runController(Object(App\Controllers\Cliente))
#6 C:\xampp\htdocs\ci4-project\ci4-spark\system\CodeIgniter.php(326): CodeIgniter\CodeIgniter->handleRequest(NULL, Object(Config\Cache), false)
#7 C:\xampp\htdocs\ci4-project\ci4-spark\public\index.php(37): CodeIgniter\CodeIgniter->run()
#8 C:\xampp\htdocs\ci4-project\ci4-spark\system\Commands\Server\rewrite.php(43): require_once('C:\\xampp\\htdocs...')
#9 {main}
CRITICAL - 2022-03-20 22:17:46 --> Call to undefined function form_open()
#0 C:\xampp\htdocs\ci4-project\ci4-spark\system\View\View.php(210): include()
#1 C:\xampp\htdocs\ci4-project\ci4-spark\system\View\View.php(213): CodeIgniter\View\View->CodeIgniter\View\{closure}()
#2 C:\xampp\htdocs\ci4-project\ci4-spark\system\Common.php(1089): CodeIgniter\View\View->render('cliente/form', Array, true)
#3 C:\xampp\htdocs\ci4-project\ci4-spark\app\Controllers\Cliente.php(26): view('cliente/form')
#4 C:\xampp\htdocs\ci4-project\ci4-spark\system\CodeIgniter.php(832): App\Controllers\Cliente->create()
#5 C:\xampp\htdocs\ci4-project\ci4-spark\system\CodeIgniter.php(419): CodeIgniter\CodeIgniter->runController(Object(App\Controllers\Cliente))
#6 C:\xampp\htdocs\ci4-project\ci4-spark\system\CodeIgniter.php(326): CodeIgniter\CodeIgniter->handleRequest(NULL, Object(Config\Cache), false)
#7 C:\xampp\htdocs\ci4-project\ci4-spark\public\index.php(37): CodeIgniter\CodeIgniter->run()
#8 C:\xampp\htdocs\ci4-project\ci4-spark\system\Commands\Server\rewrite.php(43): require_once('C:\\xampp\\htdocs...')
#9 {main}
CRITICAL - 2022-03-20 22:17:47 --> Call to undefined function form_open()
#0 C:\xampp\htdocs\ci4-project\ci4-spark\system\View\View.php(210): include()
#1 C:\xampp\htdocs\ci4-project\ci4-spark\system\View\View.php(213): CodeIgniter\View\View->CodeIgniter\View\{closure}()
#2 C:\xampp\htdocs\ci4-project\ci4-spark\system\Common.php(1089): CodeIgniter\View\View->render('cliente/form', Array, true)
#3 C:\xampp\htdocs\ci4-project\ci4-spark\app\Controllers\Cliente.php(26): view('cliente/form')
#4 C:\xampp\htdocs\ci4-project\ci4-spark\system\CodeIgniter.php(832): App\Controllers\Cliente->create()
#5 C:\xampp\htdocs\ci4-project\ci4-spark\system\CodeIgniter.php(419): CodeIgniter\CodeIgniter->runController(Object(App\Controllers\Cliente))
#6 C:\xampp\htdocs\ci4-project\ci4-spark\system\CodeIgniter.php(326): CodeIgniter\CodeIgniter->handleRequest(NULL, Object(Config\Cache), false)
#7 C:\xampp\htdocs\ci4-project\ci4-spark\public\index.php(37): CodeIgniter\CodeIgniter->run()
#8 C:\xampp\htdocs\ci4-project\ci4-spark\system\Commands\Server\rewrite.php(43): require_once('C:\\xampp\\htdocs...')
#9 {main}
CRITICAL - 2022-03-20 22:17:49 --> Call to undefined function form_open()
#0 C:\xampp\htdocs\ci4-project\ci4-spark\system\View\View.php(210): include()
#1 C:\xampp\htdocs\ci4-project\ci4-spark\system\View\View.php(213): CodeIgniter\View\View->CodeIgniter\View\{closure}()
#2 C:\xampp\htdocs\ci4-project\ci4-spark\system\Common.php(1089): CodeIgniter\View\View->render('cliente/form', Array, true)
#3 C:\xampp\htdocs\ci4-project\ci4-spark\app\Controllers\Cliente.php(26): view('cliente/form')
#4 C:\xampp\htdocs\ci4-project\ci4-spark\system\CodeIgniter.php(832): App\Controllers\Cliente->create()
#5 C:\xampp\htdocs\ci4-project\ci4-spark\system\CodeIgniter.php(419): CodeIgniter\CodeIgniter->runController(Object(App\Controllers\Cliente))
#6 C:\xampp\htdocs\ci4-project\ci4-spark\system\CodeIgniter.php(326): CodeIgniter\CodeIgniter->handleRequest(NULL, Object(Config\Cache), false)
#7 C:\xampp\htdocs\ci4-project\ci4-spark\public\index.php(37): CodeIgniter\CodeIgniter->run()
#8 C:\xampp\htdocs\ci4-project\ci4-spark\system\Commands\Server\rewrite.php(43): require_once('C:\\xampp\\htdocs...')
#9 {main}
CRITICAL - 2022-03-20 22:18:01 --> Call to undefined function form_open()
#0 C:\xampp\htdocs\ci4-project\ci4-spark\system\View\View.php(210): include()
#1 C:\xampp\htdocs\ci4-project\ci4-spark\system\View\View.php(213): CodeIgniter\View\View->CodeIgniter\View\{closure}()
#2 C:\xampp\htdocs\ci4-project\ci4-spark\system\Common.php(1089): CodeIgniter\View\View->render('cliente/form', Array, true)
#3 C:\xampp\htdocs\ci4-project\ci4-spark\app\Controllers\Cliente.php(26): view('cliente/form')
#4 C:\xampp\htdocs\ci4-project\ci4-spark\system\CodeIgniter.php(832): App\Controllers\Cliente->create()
#5 C:\xampp\htdocs\ci4-project\ci4-spark\system\CodeIgniter.php(419): CodeIgniter\CodeIgniter->runController(Object(App\Controllers\Cliente))
#6 C:\xampp\htdocs\ci4-project\ci4-spark\system\CodeIgniter.php(326): CodeIgniter\CodeIgniter->handleRequest(NULL, Object(Config\Cache), false)
#7 C:\xampp\htdocs\ci4-project\ci4-spark\public\index.php(37): CodeIgniter\CodeIgniter->run()
#8 C:\xampp\htdocs\ci4-project\ci4-spark\system\Commands\Server\rewrite.php(43): require_once('C:\\xampp\\htdocs...')
#9 {main}
CRITICAL - 2022-03-20 22:18:02 --> Call to undefined function form_open()
#0 C:\xampp\htdocs\ci4-project\ci4-spark\system\View\View.php(210): include()
#1 C:\xampp\htdocs\ci4-project\ci4-spark\system\View\View.php(213): CodeIgniter\View\View->CodeIgniter\View\{closure}()
#2 C:\xampp\htdocs\ci4-project\ci4-spark\system\Common.php(1089): CodeIgniter\View\View->render('cliente/form', Array, true)
#3 C:\xampp\htdocs\ci4-project\ci4-spark\app\Controllers\Cliente.php(26): view('cliente/form')
#4 C:\xampp\htdocs\ci4-project\ci4-spark\system\CodeIgniter.php(832): App\Controllers\Cliente->create()
#5 C:\xampp\htdocs\ci4-project\ci4-spark\system\CodeIgniter.php(419): CodeIgniter\CodeIgniter->runController(Object(App\Controllers\Cliente))
#6 C:\xampp\htdocs\ci4-project\ci4-spark\system\CodeIgniter.php(326): CodeIgniter\CodeIgniter->handleRequest(NULL, Object(Config\Cache), false)
#7 C:\xampp\htdocs\ci4-project\ci4-spark\public\index.php(37): CodeIgniter\CodeIgniter->run()
#8 C:\xampp\htdocs\ci4-project\ci4-spark\system\Commands\Server\rewrite.php(43): require_once('C:\\xampp\\htdocs...')
#9 {main}
CRITICAL - 2022-03-20 22:18:02 --> Call to undefined function form_open()
#0 C:\xampp\htdocs\ci4-project\ci4-spark\system\View\View.php(210): include()
#1 C:\xampp\htdocs\ci4-project\ci4-spark\system\View\View.php(213): CodeIgniter\View\View->CodeIgniter\View\{closure}()
#2 C:\xampp\htdocs\ci4-project\ci4-spark\system\Common.php(1089): CodeIgniter\View\View->render('cliente/form', Array, true)
#3 C:\xampp\htdocs\ci4-project\ci4-spark\app\Controllers\Cliente.php(26): view('cliente/form')
#4 C:\xampp\htdocs\ci4-project\ci4-spark\system\CodeIgniter.php(832): App\Controllers\Cliente->create()
#5 C:\xampp\htdocs\ci4-project\ci4-spark\system\CodeIgniter.php(419): CodeIgniter\CodeIgniter->runController(Object(App\Controllers\Cliente))
#6 C:\xampp\htdocs\ci4-project\ci4-spark\system\CodeIgniter.php(326): CodeIgniter\CodeIgniter->handleRequest(NULL, Object(Config\Cache), false)
#7 C:\xampp\htdocs\ci4-project\ci4-spark\public\index.php(37): CodeIgniter\CodeIgniter->run()
#8 C:\xampp\htdocs\ci4-project\ci4-spark\system\Commands\Server\rewrite.php(43): require_once('C:\\xampp\\htdocs...')
#9 {main}
CRITICAL - 2022-03-20 22:18:03 --> Call to undefined function form_open()
#0 C:\xampp\htdocs\ci4-project\ci4-spark\system\View\View.php(210): include()
#1 C:\xampp\htdocs\ci4-project\ci4-spark\system\View\View.php(213): CodeIgniter\View\View->CodeIgniter\View\{closure}()
#2 C:\xampp\htdocs\ci4-project\ci4-spark\system\Common.php(1089): CodeIgniter\View\View->render('cliente/form', Array, true)
#3 C:\xampp\htdocs\ci4-project\ci4-spark\app\Controllers\Cliente.php(26): view('cliente/form')
#4 C:\xampp\htdocs\ci4-project\ci4-spark\system\CodeIgniter.php(832): App\Controllers\Cliente->create()
#5 C:\xampp\htdocs\ci4-project\ci4-spark\system\CodeIgniter.php(419): CodeIgniter\CodeIgniter->runController(Object(App\Controllers\Cliente))
#6 C:\xampp\htdocs\ci4-project\ci4-spark\system\CodeIgniter.php(326): CodeIgniter\CodeIgniter->handleRequest(NULL, Object(Config\Cache), false)
#7 C:\xampp\htdocs\ci4-project\ci4-spark\public\index.php(37): CodeIgniter\CodeIgniter->run()
#8 C:\xampp\htdocs\ci4-project\ci4-spark\system\Commands\Server\rewrite.php(43): require_once('C:\\xampp\\htdocs...')
#9 {main}
CRITICAL - 2022-03-20 22:18:03 --> Call to undefined function form_open()
#0 C:\xampp\htdocs\ci4-project\ci4-spark\system\View\View.php(210): include()
#1 C:\xampp\htdocs\ci4-project\ci4-spark\system\View\View.php(213): CodeIgniter\View\View->CodeIgniter\View\{closure}()
#2 C:\xampp\htdocs\ci4-project\ci4-spark\system\Common.php(1089): CodeIgniter\View\View->render('cliente/form', Array, true)
#3 C:\xampp\htdocs\ci4-project\ci4-spark\app\Controllers\Cliente.php(26): view('cliente/form')
#4 C:\xampp\htdocs\ci4-project\ci4-spark\system\CodeIgniter.php(832): App\Controllers\Cliente->create()
#5 C:\xampp\htdocs\ci4-project\ci4-spark\system\CodeIgniter.php(419): CodeIgniter\CodeIgniter->runController(Object(App\Controllers\Cliente))
#6 C:\xampp\htdocs\ci4-project\ci4-spark\system\CodeIgniter.php(326): CodeIgniter\CodeIgniter->handleRequest(NULL, Object(Config\Cache), false)
#7 C:\xampp\htdocs\ci4-project\ci4-spark\public\index.php(37): CodeIgniter\CodeIgniter->run()
#8 C:\xampp\htdocs\ci4-project\ci4-spark\system\Commands\Server\rewrite.php(43): require_once('C:\\xampp\\htdocs...')
#9 {main}
CRITICAL - 2022-03-20 22:18:04 --> Call to undefined function form_open()
#0 C:\xampp\htdocs\ci4-project\ci4-spark\system\View\View.php(210): include()
#1 C:\xampp\htdocs\ci4-project\ci4-spark\system\View\View.php(213): CodeIgniter\View\View->CodeIgniter\View\{closure}()
#2 C:\xampp\htdocs\ci4-project\ci4-spark\system\Common.php(1089): CodeIgniter\View\View->render('cliente/form', Array, true)
#3 C:\xampp\htdocs\ci4-project\ci4-spark\app\Controllers\Cliente.php(26): view('cliente/form')
#4 C:\xampp\htdocs\ci4-project\ci4-spark\system\CodeIgniter.php(832): App\Controllers\Cliente->create()
#5 C:\xampp\htdocs\ci4-project\ci4-spark\system\CodeIgniter.php(419): CodeIgniter\CodeIgniter->runController(Object(App\Controllers\Cliente))
#6 C:\xampp\htdocs\ci4-project\ci4-spark\system\CodeIgniter.php(326): CodeIgniter\CodeIgniter->handleRequest(NULL, Object(Config\Cache), false)
#7 C:\xampp\htdocs\ci4-project\ci4-spark\public\index.php(37): CodeIgniter\CodeIgniter->run()
#8 C:\xampp\htdocs\ci4-project\ci4-spark\system\Commands\Server\rewrite.php(43): require_once('C:\\xampp\\htdocs...')
#9 {main}
CRITICAL - 2022-03-20 22:18:30 --> Call to undefined function form_open()
#0 C:\xampp\htdocs\ci4-project\ci4-spark\system\View\View.php(210): include()
#1 C:\xampp\htdocs\ci4-project\ci4-spark\system\View\View.php(213): CodeIgniter\View\View->CodeIgniter\View\{closure}()
#2 C:\xampp\htdocs\ci4-project\ci4-spark\system\Common.php(1089): CodeIgniter\View\View->render('cliente/form', Array, true)
#3 C:\xampp\htdocs\ci4-project\ci4-spark\app\Controllers\Cliente.php(26): view('cliente/form')
#4 C:\xampp\htdocs\ci4-project\ci4-spark\system\CodeIgniter.php(832): App\Controllers\Cliente->create()
#5 C:\xampp\htdocs\ci4-project\ci4-spark\system\CodeIgniter.php(419): CodeIgniter\CodeIgniter->runController(Object(App\Controllers\Cliente))
#6 C:\xampp\htdocs\ci4-project\ci4-spark\system\CodeIgniter.php(326): CodeIgniter\CodeIgniter->handleRequest(NULL, Object(Config\Cache), false)
#7 C:\xampp\htdocs\ci4-project\ci4-spark\public\index.php(37): CodeIgniter\CodeIgniter->run()
#8 C:\xampp\htdocs\ci4-project\ci4-spark\system\Commands\Server\rewrite.php(43): require_once('C:\\xampp\\htdocs...')
#9 {main}
CRITICAL - 2022-03-20 22:18:34 --> Call to undefined function form_open()
#0 C:\xampp\htdocs\ci4-project\ci4-spark\system\View\View.php(210): include()
#1 C:\xampp\htdocs\ci4-project\ci4-spark\system\View\View.php(213): CodeIgniter\View\View->CodeIgniter\View\{closure}()
#2 C:\xampp\htdocs\ci4-project\ci4-spark\system\Common.php(1089): CodeIgniter\View\View->render('cliente/form', Array, true)
#3 C:\xampp\htdocs\ci4-project\ci4-spark\app\Controllers\Cliente.php(26): view('cliente/form')
#4 C:\xampp\htdocs\ci4-project\ci4-spark\system\CodeIgniter.php(832): App\Controllers\Cliente->create()
#5 C:\xampp\htdocs\ci4-project\ci4-spark\system\CodeIgniter.php(419): CodeIgniter\CodeIgniter->runController(Object(App\Controllers\Cliente))
#6 C:\xampp\htdocs\ci4-project\ci4-spark\system\CodeIgniter.php(326): CodeIgniter\CodeIgniter->handleRequest(NULL, Object(Config\Cache), false)
#7 C:\xampp\htdocs\ci4-project\ci4-spark\public\index.php(37): CodeIgniter\CodeIgniter->run()
#8 C:\xampp\htdocs\ci4-project\ci4-spark\system\Commands\Server\rewrite.php(43): require_once('C:\\xampp\\htdocs...')
#9 {main}
CRITICAL - 2022-03-20 22:18:35 --> Call to undefined function form_open()
#0 C:\xampp\htdocs\ci4-project\ci4-spark\system\View\View.php(210): include()
#1 C:\xampp\htdocs\ci4-project\ci4-spark\system\View\View.php(213): CodeIgniter\View\View->CodeIgniter\View\{closure}()
#2 C:\xampp\htdocs\ci4-project\ci4-spark\system\Common.php(1089): CodeIgniter\View\View->render('cliente/form', Array, true)
#3 C:\xampp\htdocs\ci4-project\ci4-spark\app\Controllers\Cliente.php(26): view('cliente/form')
#4 C:\xampp\htdocs\ci4-project\ci4-spark\system\CodeIgniter.php(832): App\Controllers\Cliente->create()
#5 C:\xampp\htdocs\ci4-project\ci4-spark\system\CodeIgniter.php(419): CodeIgniter\CodeIgniter->runController(Object(App\Controllers\Cliente))
#6 C:\xampp\htdocs\ci4-project\ci4-spark\system\CodeIgniter.php(326): CodeIgniter\CodeIgniter->handleRequest(NULL, Object(Config\Cache), false)
#7 C:\xampp\htdocs\ci4-project\ci4-spark\public\index.php(37): CodeIgniter\CodeIgniter->run()
#8 C:\xampp\htdocs\ci4-project\ci4-spark\system\Commands\Server\rewrite.php(43): require_once('C:\\xampp\\htdocs...')
#9 {main}
CRITICAL - 2022-03-20 22:18:36 --> Call to undefined function form_open()
#0 C:\xampp\htdocs\ci4-project\ci4-spark\system\View\View.php(210): include()
#1 C:\xampp\htdocs\ci4-project\ci4-spark\system\View\View.php(213): CodeIgniter\View\View->CodeIgniter\View\{closure}()
#2 C:\xampp\htdocs\ci4-project\ci4-spark\system\Common.php(1089): CodeIgniter\View\View->render('cliente/form', Array, true)
#3 C:\xampp\htdocs\ci4-project\ci4-spark\app\Controllers\Cliente.php(26): view('cliente/form')
#4 C:\xampp\htdocs\ci4-project\ci4-spark\system\CodeIgniter.php(832): App\Controllers\Cliente->create()
#5 C:\xampp\htdocs\ci4-project\ci4-spark\system\CodeIgniter.php(419): CodeIgniter\CodeIgniter->runController(Object(App\Controllers\Cliente))
#6 C:\xampp\htdocs\ci4-project\ci4-spark\system\CodeIgniter.php(326): CodeIgniter\CodeIgniter->handleRequest(NULL, Object(Config\Cache), false)
#7 C:\xampp\htdocs\ci4-project\ci4-spark\public\index.php(37): CodeIgniter\CodeIgniter->run()
#8 C:\xampp\htdocs\ci4-project\ci4-spark\system\Commands\Server\rewrite.php(43): require_once('C:\\xampp\\htdocs...')
#9 {main}
CRITICAL - 2022-03-20 22:18:40 --> Call to undefined function form_open()
#0 C:\xampp\htdocs\ci4-project\ci4-spark\system\View\View.php(210): include()
#1 C:\xampp\htdocs\ci4-project\ci4-spark\system\View\View.php(213): CodeIgniter\View\View->CodeIgniter\View\{closure}()
#2 C:\xampp\htdocs\ci4-project\ci4-spark\system\Common.php(1089): CodeIgniter\View\View->render('cliente/form', Array, true)
#3 C:\xampp\htdocs\ci4-project\ci4-spark\app\Controllers\Cliente.php(26): view('cliente/form')
#4 C:\xampp\htdocs\ci4-project\ci4-spark\system\CodeIgniter.php(832): App\Controllers\Cliente->create()
#5 C:\xampp\htdocs\ci4-project\ci4-spark\system\CodeIgniter.php(419): CodeIgniter\CodeIgniter->runController(Object(App\Controllers\Cliente))
#6 C:\xampp\htdocs\ci4-project\ci4-spark\system\CodeIgniter.php(326): CodeIgniter\CodeIgniter->handleRequest(NULL, Object(Config\Cache), false)
#7 C:\xampp\htdocs\ci4-project\ci4-spark\public\index.php(37): CodeIgniter\CodeIgniter->run()
#8 C:\xampp\htdocs\ci4-project\ci4-spark\system\Commands\Server\rewrite.php(43): require_once('C:\\xampp\\htdocs...')
#9 {main}
CRITICAL - 2022-03-20 22:18:42 --> Call to undefined function form_open()
#0 C:\xampp\htdocs\ci4-project\ci4-spark\system\View\View.php(210): include()
#1 C:\xampp\htdocs\ci4-project\ci4-spark\system\View\View.php(213): CodeIgniter\View\View->CodeIgniter\View\{closure}()
#2 C:\xampp\htdocs\ci4-project\ci4-spark\system\Common.php(1089): CodeIgniter\View\View->render('cliente/form', Array, true)
#3 C:\xampp\htdocs\ci4-project\ci4-spark\app\Controllers\Cliente.php(26): view('cliente/form')
#4 C:\xampp\htdocs\ci4-project\ci4-spark\system\CodeIgniter.php(832): App\Controllers\Cliente->create()
#5 C:\xampp\htdocs\ci4-project\ci4-spark\system\CodeIgniter.php(419): CodeIgniter\CodeIgniter->runController(Object(App\Controllers\Cliente))
#6 C:\xampp\htdocs\ci4-project\ci4-spark\system\CodeIgniter.php(326): CodeIgniter\CodeIgniter->handleRequest(NULL, Object(Config\Cache), false)
#7 C:\xampp\htdocs\ci4-project\ci4-spark\public\index.php(37): CodeIgniter\CodeIgniter->run()
#8 C:\xampp\htdocs\ci4-project\ci4-spark\system\Commands\Server\rewrite.php(43): require_once('C:\\xampp\\htdocs...')
#9 {main}
CRITICAL - 2022-03-20 22:18:43 --> Call to undefined function form_open()
#0 C:\xampp\htdocs\ci4-project\ci4-spark\system\View\View.php(210): include()
#1 C:\xampp\htdocs\ci4-project\ci4-spark\system\View\View.php(213): CodeIgniter\View\View->CodeIgniter\View\{closure}()
#2 C:\xampp\htdocs\ci4-project\ci4-spark\system\Common.php(1089): CodeIgniter\View\View->render('cliente/form', Array, true)
#3 C:\xampp\htdocs\ci4-project\ci4-spark\app\Controllers\Cliente.php(26): view('cliente/form')
#4 C:\xampp\htdocs\ci4-project\ci4-spark\system\CodeIgniter.php(832): App\Controllers\Cliente->create()
#5 C:\xampp\htdocs\ci4-project\ci4-spark\system\CodeIgniter.php(419): CodeIgniter\CodeIgniter->runController(Object(App\Controllers\Cliente))
#6 C:\xampp\htdocs\ci4-project\ci4-spark\system\CodeIgniter.php(326): CodeIgniter\CodeIgniter->handleRequest(NULL, Object(Config\Cache), false)
#7 C:\xampp\htdocs\ci4-project\ci4-spark\public\index.php(37): CodeIgniter\CodeIgniter->run()
#8 C:\xampp\htdocs\ci4-project\ci4-spark\system\Commands\Server\rewrite.php(43): require_once('C:\\xampp\\htdocs...')
#9 {main}
CRITICAL - 2022-03-20 22:18:45 --> Call to undefined function form_open()
#0 C:\xampp\htdocs\ci4-project\ci4-spark\system\View\View.php(210): include()
#1 C:\xampp\htdocs\ci4-project\ci4-spark\system\View\View.php(213): CodeIgniter\View\View->CodeIgniter\View\{closure}()
#2 C:\xampp\htdocs\ci4-project\ci4-spark\system\Common.php(1089): CodeIgniter\View\View->render('cliente/form', Array, true)
#3 C:\xampp\htdocs\ci4-project\ci4-spark\app\Controllers\Cliente.php(26): view('cliente/form')
#4 C:\xampp\htdocs\ci4-project\ci4-spark\system\CodeIgniter.php(832): App\Controllers\Cliente->create()
#5 C:\xampp\htdocs\ci4-project\ci4-spark\system\CodeIgniter.php(419): CodeIgniter\CodeIgniter->runController(Object(App\Controllers\Cliente))
#6 C:\xampp\htdocs\ci4-project\ci4-spark\system\CodeIgniter.php(326): CodeIgniter\CodeIgniter->handleRequest(NULL, Object(Config\Cache), false)
#7 C:\xampp\htdocs\ci4-project\ci4-spark\public\index.php(37): CodeIgniter\CodeIgniter->run()
#8 C:\xampp\htdocs\ci4-project\ci4-spark\system\Commands\Server\rewrite.php(43): require_once('C:\\xampp\\htdocs...')
#9 {main}
CRITICAL - 2022-03-20 22:19:16 --> Call to undefined function form_open()
#0 C:\xampp\htdocs\ci4-project\ci4-spark\system\View\View.php(210): include()
#1 C:\xampp\htdocs\ci4-project\ci4-spark\system\View\View.php(213): CodeIgniter\View\View->CodeIgniter\View\{closure}()
#2 C:\xampp\htdocs\ci4-project\ci4-spark\system\Common.php(1089): CodeIgniter\View\View->render('cliente/form', Array, true)
#3 C:\xampp\htdocs\ci4-project\ci4-spark\app\Controllers\Cliente.php(26): view('cliente/form')
#4 C:\xampp\htdocs\ci4-project\ci4-spark\system\CodeIgniter.php(832): App\Controllers\Cliente->create()
#5 C:\xampp\htdocs\ci4-project\ci4-spark\system\CodeIgniter.php(419): CodeIgniter\CodeIgniter->runController(Object(App\Controllers\Cliente))
#6 C:\xampp\htdocs\ci4-project\ci4-spark\system\CodeIgniter.php(326): CodeIgniter\CodeIgniter->handleRequest(NULL, Object(Config\Cache), false)
#7 C:\xampp\htdocs\ci4-project\ci4-spark\public\index.php(37): CodeIgniter\CodeIgniter->run()
#8 C:\xampp\htdocs\ci4-project\ci4-spark\system\Commands\Server\rewrite.php(43): require_once('C:\\xampp\\htdocs...')
#9 {main}
CRITICAL - 2022-03-20 22:19:18 --> Call to undefined function form_open()
#0 C:\xampp\htdocs\ci4-project\ci4-spark\system\View\View.php(210): include()
#1 C:\xampp\htdocs\ci4-project\ci4-spark\system\View\View.php(213): CodeIgniter\View\View->CodeIgniter\View\{closure}()
#2 C:\xampp\htdocs\ci4-project\ci4-spark\system\Common.php(1089): CodeIgniter\View\View->render('cliente/form', Array, true)
#3 C:\xampp\htdocs\ci4-project\ci4-spark\app\Controllers\Cliente.php(26): view('cliente/form')
#4 C:\xampp\htdocs\ci4-project\ci4-spark\system\CodeIgniter.php(832): App\Controllers\Cliente->create()
#5 C:\xampp\htdocs\ci4-project\ci4-spark\system\CodeIgniter.php(419): CodeIgniter\CodeIgniter->runController(Object(App\Controllers\Cliente))
#6 C:\xampp\htdocs\ci4-project\ci4-spark\system\CodeIgniter.php(326): CodeIgniter\CodeIgniter->handleRequest(NULL, Object(Config\Cache), false)
#7 C:\xampp\htdocs\ci4-project\ci4-spark\public\index.php(37): CodeIgniter\CodeIgniter->run()
#8 C:\xampp\htdocs\ci4-project\ci4-spark\system\Commands\Server\rewrite.php(43): require_once('C:\\xampp\\htdocs...')
#9 {main}
CRITICAL - 2022-03-20 22:19:20 --> Call to undefined function form_open()
#0 C:\xampp\htdocs\ci4-project\ci4-spark\system\View\View.php(210): include()
#1 C:\xampp\htdocs\ci4-project\ci4-spark\system\View\View.php(213): CodeIgniter\View\View->CodeIgniter\View\{closure}()
#2 C:\xampp\htdocs\ci4-project\ci4-spark\system\Common.php(1089): CodeIgniter\View\View->render('cliente/form', Array, true)
#3 C:\xampp\htdocs\ci4-project\ci4-spark\app\Controllers\Cliente.php(26): view('cliente/form')
#4 C:\xampp\htdocs\ci4-project\ci4-spark\system\CodeIgniter.php(832): App\Controllers\Cliente->create()
#5 C:\xampp\htdocs\ci4-project\ci4-spark\system\CodeIgniter.php(419): CodeIgniter\CodeIgniter->runController(Object(App\Controllers\Cliente))
#6 C:\xampp\htdocs\ci4-project\ci4-spark\system\CodeIgniter.php(326): CodeIgniter\CodeIgniter->handleRequest(NULL, Object(Config\Cache), false)
#7 C:\xampp\htdocs\ci4-project\ci4-spark\public\index.php(37): CodeIgniter\CodeIgniter->run()
#8 C:\xampp\htdocs\ci4-project\ci4-spark\system\Commands\Server\rewrite.php(43): require_once('C:\\xampp\\htdocs...')
#9 {main}
CRITICAL - 2022-03-20 22:19:22 --> Call to undefined function form_open()
#0 C:\xampp\htdocs\ci4-project\ci4-spark\system\View\View.php(210): include()
#1 C:\xampp\htdocs\ci4-project\ci4-spark\system\View\View.php(213): CodeIgniter\View\View->CodeIgniter\View\{closure}()
#2 C:\xampp\htdocs\ci4-project\ci4-spark\system\Common.php(1089): CodeIgniter\View\View->render('cliente/form', Array, true)
#3 C:\xampp\htdocs\ci4-project\ci4-spark\app\Controllers\Cliente.php(26): view('cliente/form')
#4 C:\xampp\htdocs\ci4-project\ci4-spark\system\CodeIgniter.php(832): App\Controllers\Cliente->create()
#5 C:\xampp\htdocs\ci4-project\ci4-spark\system\CodeIgniter.php(419): CodeIgniter\CodeIgniter->runController(Object(App\Controllers\Cliente))
#6 C:\xampp\htdocs\ci4-project\ci4-spark\system\CodeIgniter.php(326): CodeIgniter\CodeIgniter->handleRequest(NULL, Object(Config\Cache), false)
#7 C:\xampp\htdocs\ci4-project\ci4-spark\public\index.php(37): CodeIgniter\CodeIgniter->run()
#8 C:\xampp\htdocs\ci4-project\ci4-spark\system\Commands\Server\rewrite.php(43): require_once('C:\\xampp\\htdocs...')
#9 {main}
CRITICAL - 2022-03-20 22:19:45 --> Call to undefined function form_open()
#0 C:\xampp\htdocs\ci4-project\ci4-spark\system\View\View.php(210): include()
#1 C:\xampp\htdocs\ci4-project\ci4-spark\system\View\View.php(213): CodeIgniter\View\View->CodeIgniter\View\{closure}()
#2 C:\xampp\htdocs\ci4-project\ci4-spark\system\Common.php(1089): CodeIgniter\View\View->render('cliente/form', Array, true)
#3 C:\xampp\htdocs\ci4-project\ci4-spark\app\Controllers\Cliente.php(26): view('cliente/form')
#4 C:\xampp\htdocs\ci4-project\ci4-spark\system\CodeIgniter.php(832): App\Controllers\Cliente->create()
#5 C:\xampp\htdocs\ci4-project\ci4-spark\system\CodeIgniter.php(419): CodeIgniter\CodeIgniter->runController(Object(App\Controllers\Cliente))
#6 C:\xampp\htdocs\ci4-project\ci4-spark\system\CodeIgniter.php(326): CodeIgniter\CodeIgniter->handleRequest(NULL, Object(Config\Cache), false)
#7 C:\xampp\htdocs\ci4-project\ci4-spark\public\index.php(37): CodeIgniter\CodeIgniter->run()
#8 C:\xampp\htdocs\ci4-project\ci4-spark\system\Commands\Server\rewrite.php(43): require_once('C:\\xampp\\htdocs...')
#9 {main}
CRITICAL - 2022-03-20 22:19:47 --> Call to undefined function form_open()
#0 C:\xampp\htdocs\ci4-project\ci4-spark\system\View\View.php(210): include()
#1 C:\xampp\htdocs\ci4-project\ci4-spark\system\View\View.php(213): CodeIgniter\View\View->CodeIgniter\View\{closure}()
#2 C:\xampp\htdocs\ci4-project\ci4-spark\system\Common.php(1089): CodeIgniter\View\View->render('cliente/form', Array, true)
#3 C:\xampp\htdocs\ci4-project\ci4-spark\app\Controllers\Cliente.php(26): view('cliente/form')
#4 C:\xampp\htdocs\ci4-project\ci4-spark\system\CodeIgniter.php(832): App\Controllers\Cliente->create()
#5 C:\xampp\htdocs\ci4-project\ci4-spark\system\CodeIgniter.php(419): CodeIgniter\CodeIgniter->runController(Object(App\Controllers\Cliente))
#6 C:\xampp\htdocs\ci4-project\ci4-spark\system\CodeIgniter.php(326): CodeIgniter\CodeIgniter->handleRequest(NULL, Object(Config\Cache), false)
#7 C:\xampp\htdocs\ci4-project\ci4-spark\public\index.php(37): CodeIgniter\CodeIgniter->run()
#8 C:\xampp\htdocs\ci4-project\ci4-spark\system\Commands\Server\rewrite.php(43): require_once('C:\\xampp\\htdocs...')
#9 {main}
CRITICAL - 2022-03-20 22:19:48 --> Call to undefined function form_open()
#0 C:\xampp\htdocs\ci4-project\ci4-spark\system\View\View.php(210): include()
#1 C:\xampp\htdocs\ci4-project\ci4-spark\system\View\View.php(213): CodeIgniter\View\View->CodeIgniter\View\{closure}()
#2 C:\xampp\htdocs\ci4-project\ci4-spark\system\Common.php(1089): CodeIgniter\View\View->render('cliente/form', Array, true)
#3 C:\xampp\htdocs\ci4-project\ci4-spark\app\Controllers\Cliente.php(26): view('cliente/form')
#4 C:\xampp\htdocs\ci4-project\ci4-spark\system\CodeIgniter.php(832): App\Controllers\Cliente->create()
#5 C:\xampp\htdocs\ci4-project\ci4-spark\system\CodeIgniter.php(419): CodeIgniter\CodeIgniter->runController(Object(App\Controllers\Cliente))
#6 C:\xampp\htdocs\ci4-project\ci4-spark\system\CodeIgniter.php(326): CodeIgniter\CodeIgniter->handleRequest(NULL, Object(Config\Cache), false)
#7 C:\xampp\htdocs\ci4-project\ci4-spark\public\index.php(37): CodeIgniter\CodeIgniter->run()
#8 C:\xampp\htdocs\ci4-project\ci4-spark\system\Commands\Server\rewrite.php(43): require_once('C:\\xampp\\htdocs...')
#9 {main}
CRITICAL - 2022-03-20 22:29:25 --> Invalid file: cliente.php
#0 C:\xampp\htdocs\ci4-project\ci4-spark\system\View\View.php(198): CodeIgniter\Exceptions\FrameworkException::forInvalidFile('cliente.php')
#1 C:\xampp\htdocs\ci4-project\ci4-spark\system\Common.php(1089): CodeIgniter\View\View->render('cliente', Array, true)
#2 C:\xampp\htdocs\ci4-project\ci4-spark\app\Controllers\Home.php(9): view('cliente')
#3 C:\xampp\htdocs\ci4-project\ci4-spark\system\CodeIgniter.php(832): App\Controllers\Home->index()
#4 C:\xampp\htdocs\ci4-project\ci4-spark\system\CodeIgniter.php(419): CodeIgniter\CodeIgniter->runController(Object(App\Controllers\Home))
#5 C:\xampp\htdocs\ci4-project\ci4-spark\system\CodeIgniter.php(326): CodeIgniter\CodeIgniter->handleRequest(NULL, Object(Config\Cache), false)
#6 C:\xampp\htdocs\ci4-project\ci4-spark\public\index.php(37): CodeIgniter\CodeIgniter->run()
#7 C:\xampp\htdocs\ci4-project\ci4-spark\system\Commands\Server\rewrite.php(43): require_once('C:\\xampp\\htdocs...')
#8 {main}
CRITICAL - 2022-03-20 22:29:41 --> Undefined variable: clientes
#0 C:\xampp\htdocs\ci4-project\ci4-spark\app\Views\cliente\index.php(170): CodeIgniter\Debug\Exceptions->errorHandler(8, 'Undefined varia...', 'C:\\xampp\\htdocs...', 170, Array)
#1 C:\xampp\htdocs\ci4-project\ci4-spark\system\View\View.php(210): include('C:\\xampp\\htdocs...')
#2 C:\xampp\htdocs\ci4-project\ci4-spark\system\View\View.php(213): CodeIgniter\View\View->CodeIgniter\View\{closure}()
#3 C:\xampp\htdocs\ci4-project\ci4-spark\system\Common.php(1089): CodeIgniter\View\View->render('cliente/index', Array, true)
#4 C:\xampp\htdocs\ci4-project\ci4-spark\app\Controllers\Home.php(9): view('cliente/index')
#5 C:\xampp\htdocs\ci4-project\ci4-spark\system\CodeIgniter.php(832): App\Controllers\Home->index()
#6 C:\xampp\htdocs\ci4-project\ci4-spark\system\CodeIgniter.php(419): CodeIgniter\CodeIgniter->runController(Object(App\Controllers\Home))
#7 C:\xampp\htdocs\ci4-project\ci4-spark\system\CodeIgniter.php(326): CodeIgniter\CodeIgniter->handleRequest(NULL, Object(Config\Cache), false)
#8 C:\xampp\htdocs\ci4-project\ci4-spark\public\index.php(37): CodeIgniter\CodeIgniter->run()
#9 C:\xampp\htdocs\ci4-project\ci4-spark\system\Commands\Server\rewrite.php(43): require_once('C:\\xampp\\htdocs...')
#10 {main}
CRITICAL - 2022-03-20 22:29:42 --> Undefined variable: clientes
#0 C:\xampp\htdocs\ci4-project\ci4-spark\app\Views\cliente\index.php(170): CodeIgniter\Debug\Exceptions->errorHandler(8, 'Undefined varia...', 'C:\\xampp\\htdocs...', 170, Array)
#1 C:\xampp\htdocs\ci4-project\ci4-spark\system\View\View.php(210): include('C:\\xampp\\htdocs...')
#2 C:\xampp\htdocs\ci4-project\ci4-spark\system\View\View.php(213): CodeIgniter\View\View->CodeIgniter\View\{closure}()
#3 C:\xampp\htdocs\ci4-project\ci4-spark\system\Common.php(1089): CodeIgniter\View\View->render('cliente/index', Array, true)
#4 C:\xampp\htdocs\ci4-project\ci4-spark\app\Controllers\Home.php(9): view('cliente/index')
#5 C:\xampp\htdocs\ci4-project\ci4-spark\system\CodeIgniter.php(832): App\Controllers\Home->index()
#6 C:\xampp\htdocs\ci4-project\ci4-spark\system\CodeIgniter.php(419): CodeIgniter\CodeIgniter->runController(Object(App\Controllers\Home))
#7 C:\xampp\htdocs\ci4-project\ci4-spark\system\CodeIgniter.php(326): CodeIgniter\CodeIgniter->handleRequest(NULL, Object(Config\Cache), false)
#8 C:\xampp\htdocs\ci4-project\ci4-spark\public\index.php(37): CodeIgniter\CodeIgniter->run()
#9 C:\xampp\htdocs\ci4-project\ci4-spark\system\Commands\Server\rewrite.php(43): require_once('C:\\xampp\\htdocs...')
#10 {main}
CRITICAL - 2022-03-20 22:29:43 --> Undefined variable: clientes
#0 C:\xampp\htdocs\ci4-project\ci4-spark\app\Views\cliente\index.php(170): CodeIgniter\Debug\Exceptions->errorHandler(8, 'Undefined varia...', 'C:\\xampp\\htdocs...', 170, Array)
#1 C:\xampp\htdocs\ci4-project\ci4-spark\system\View\View.php(210): include('C:\\xampp\\htdocs...')
#2 C:\xampp\htdocs\ci4-project\ci4-spark\system\View\View.php(213): CodeIgniter\View\View->CodeIgniter\View\{closure}()
#3 C:\xampp\htdocs\ci4-project\ci4-spark\system\Common.php(1089): CodeIgniter\View\View->render('cliente/index', Array, true)
#4 C:\xampp\htdocs\ci4-project\ci4-spark\app\Controllers\Home.php(9): view('cliente/index')
#5 C:\xampp\htdocs\ci4-project\ci4-spark\system\CodeIgniter.php(832): App\Controllers\Home->index()
#6 C:\xampp\htdocs\ci4-project\ci4-spark\system\CodeIgniter.php(419): CodeIgniter\CodeIgniter->runController(Object(App\Controllers\Home))
#7 C:\xampp\htdocs\ci4-project\ci4-spark\system\CodeIgniter.php(326): CodeIgniter\CodeIgniter->handleRequest(NULL, Object(Config\Cache), false)
#8 C:\xampp\htdocs\ci4-project\ci4-spark\public\index.php(37): CodeIgniter\CodeIgniter->run()
#9 C:\xampp\htdocs\ci4-project\ci4-spark\system\Commands\Server\rewrite.php(43): require_once('C:\\xampp\\htdocs...')
#10 {main}
CRITICAL - 2022-03-20 22:29:45 --> Undefined variable: clientes
#0 C:\xampp\htdocs\ci4-project\ci4-spark\app\Views\cliente\index.php(170): CodeIgniter\Debug\Exceptions->errorHandler(8, 'Undefined varia...', 'C:\\xampp\\htdocs...', 170, Array)
#1 C:\xampp\htdocs\ci4-project\ci4-spark\system\View\View.php(210): include('C:\\xampp\\htdocs...')
#2 C:\xampp\htdocs\ci4-project\ci4-spark\system\View\View.php(213): CodeIgniter\View\View->CodeIgniter\View\{closure}()
#3 C:\xampp\htdocs\ci4-project\ci4-spark\system\Common.php(1089): CodeIgniter\View\View->render('cliente/index', Array, true)
#4 C:\xampp\htdocs\ci4-project\ci4-spark\app\Controllers\Home.php(9): view('cliente/index')
#5 C:\xampp\htdocs\ci4-project\ci4-spark\system\CodeIgniter.php(832): App\Controllers\Home->index()
#6 C:\xampp\htdocs\ci4-project\ci4-spark\system\CodeIgniter.php(419): CodeIgniter\CodeIgniter->runController(Object(App\Controllers\Home))
#7 C:\xampp\htdocs\ci4-project\ci4-spark\system\CodeIgniter.php(326): CodeIgniter\CodeIgniter->handleRequest(NULL, Object(Config\Cache), false)
#8 C:\xampp\htdocs\ci4-project\ci4-spark\public\index.php(37): CodeIgniter\CodeIgniter->run()
#9 C:\xampp\htdocs\ci4-project\ci4-spark\system\Commands\Server\rewrite.php(43): require_once('C:\\xampp\\htdocs...')
#10 {main}
CRITICAL - 2022-03-20 22:29:47 --> Undefined variable: clientes
#0 C:\xampp\htdocs\ci4-project\ci4-spark\app\Views\cliente\index.php(170): CodeIgniter\Debug\Exceptions->errorHandler(8, 'Undefined varia...', 'C:\\xampp\\htdocs...', 170, Array)
#1 C:\xampp\htdocs\ci4-project\ci4-spark\system\View\View.php(210): include('C:\\xampp\\htdocs...')
#2 C:\xampp\htdocs\ci4-project\ci4-spark\system\View\View.php(213): CodeIgniter\View\View->CodeIgniter\View\{closure}()
#3 C:\xampp\htdocs\ci4-project\ci4-spark\system\Common.php(1089): CodeIgniter\View\View->render('cliente/index', Array, true)
#4 C:\xampp\htdocs\ci4-project\ci4-spark\app\Controllers\Home.php(9): view('cliente/index')
#5 C:\xampp\htdocs\ci4-project\ci4-spark\system\CodeIgniter.php(832): App\Controllers\Home->index()
#6 C:\xampp\htdocs\ci4-project\ci4-spark\system\CodeIgniter.php(419): CodeIgniter\CodeIgniter->runController(Object(App\Controllers\Home))
#7 C:\xampp\htdocs\ci4-project\ci4-spark\system\CodeIgniter.php(326): CodeIgniter\CodeIgniter->handleRequest(NULL, Object(Config\Cache), false)
#8 C:\xampp\htdocs\ci4-project\ci4-spark\public\index.php(37): CodeIgniter\CodeIgniter->run()
#9 C:\xampp\htdocs\ci4-project\ci4-spark\system\Commands\Server\rewrite.php(43): require_once('C:\\xampp\\htdocs...')
#10 {main}
CRITICAL - 2022-03-20 22:29:48 --> Undefined variable: clientes
#0 C:\xampp\htdocs\ci4-project\ci4-spark\app\Views\cliente\index.php(170): CodeIgniter\Debug\Exceptions->errorHandler(8, 'Undefined varia...', 'C:\\xampp\\htdocs...', 170, Array)
#1 C:\xampp\htdocs\ci4-project\ci4-spark\system\View\View.php(210): include('C:\\xampp\\htdocs...')
#2 C:\xampp\htdocs\ci4-project\ci4-spark\system\View\View.php(213): CodeIgniter\View\View->CodeIgniter\View\{closure}()
#3 C:\xampp\htdocs\ci4-project\ci4-spark\system\Common.php(1089): CodeIgniter\View\View->render('cliente/index', Array, true)
#4 C:\xampp\htdocs\ci4-project\ci4-spark\app\Controllers\Home.php(9): view('cliente/index')
#5 C:\xampp\htdocs\ci4-project\ci4-spark\system\CodeIgniter.php(832): App\Controllers\Home->index()
#6 C:\xampp\htdocs\ci4-project\ci4-spark\system\CodeIgniter.php(419): CodeIgniter\CodeIgniter->runController(Object(App\Controllers\Home))
#7 C:\xampp\htdocs\ci4-project\ci4-spark\system\CodeIgniter.php(326): CodeIgniter\CodeIgniter->handleRequest(NULL, Object(Config\Cache), false)
#8 C:\xampp\htdocs\ci4-project\ci4-spark\public\index.php(37): CodeIgniter\CodeIgniter->run()
#9 C:\xampp\htdocs\ci4-project\ci4-spark\system\Commands\Server\rewrite.php(43): require_once('C:\\xampp\\htdocs...')
#10 {main}
CRITICAL - 2022-03-20 22:29:53 --> Undefined variable: clientes
#0 C:\xampp\htdocs\ci4-project\ci4-spark\app\Views\cliente\index.php(170): CodeIgniter\Debug\Exceptions->errorHandler(8, 'Undefined varia...', 'C:\\xampp\\htdocs...', 170, Array)
#1 C:\xampp\htdocs\ci4-project\ci4-spark\system\View\View.php(210): include('C:\\xampp\\htdocs...')
#2 C:\xampp\htdocs\ci4-project\ci4-spark\system\View\View.php(213): CodeIgniter\View\View->CodeIgniter\View\{closure}()
#3 C:\xampp\htdocs\ci4-project\ci4-spark\system\Common.php(1089): CodeIgniter\View\View->render('cliente/index', Array, true)
#4 C:\xampp\htdocs\ci4-project\ci4-spark\app\Controllers\Home.php(9): view('cliente/index')
#5 C:\xampp\htdocs\ci4-project\ci4-spark\system\CodeIgniter.php(832): App\Controllers\Home->index()
#6 C:\xampp\htdocs\ci4-project\ci4-spark\system\CodeIgniter.php(419): CodeIgniter\CodeIgniter->runController(Object(App\Controllers\Home))
#7 C:\xampp\htdocs\ci4-project\ci4-spark\system\CodeIgniter.php(326): CodeIgniter\CodeIgniter->handleRequest(NULL, Object(Config\Cache), false)
#8 C:\xampp\htdocs\ci4-project\ci4-spark\public\index.php(37): CodeIgniter\CodeIgniter->run()
#9 C:\xampp\htdocs\ci4-project\ci4-spark\system\Commands\Server\rewrite.php(43): require_once('C:\\xampp\\htdocs...')
#10 {main}
CRITICAL - 2022-03-20 23:09:34 --> syntax error, unexpected '}'
#0 C:\xampp\htdocs\ci4-project\ci4-spark\system\Router\Router.php(175): CodeIgniter\Router\Router->autoRoute('cliente')
#1 C:\xampp\htdocs\ci4-project\ci4-spark\system\CodeIgniter.php(726): CodeIgniter\Router\Router->handle('cliente')
#2 C:\xampp\htdocs\ci4-project\ci4-spark\system\CodeIgniter.php(368): CodeIgniter\CodeIgniter->tryToRouteIt(Object(CodeIgniter\Router\RouteCollection))
#3 C:\xampp\htdocs\ci4-project\ci4-spark\system\CodeIgniter.php(326): CodeIgniter\CodeIgniter->handleRequest(NULL, Object(Config\Cache), false)
#4 C:\xampp\htdocs\ci4-project\ci4-spark\public\index.php(37): CodeIgniter\CodeIgniter->run()
#5 C:\xampp\htdocs\ci4-project\ci4-spark\system\Commands\Server\rewrite.php(43): require_once('C:\\xampp\\htdocs...')
#6 {main}
CRITICAL - 2022-03-20 23:09:36 --> syntax error, unexpected '}'
#0 C:\xampp\htdocs\ci4-project\ci4-spark\system\Router\Router.php(175): CodeIgniter\Router\Router->autoRoute('cliente')
#1 C:\xampp\htdocs\ci4-project\ci4-spark\system\CodeIgniter.php(726): CodeIgniter\Router\Router->handle('cliente')
#2 C:\xampp\htdocs\ci4-project\ci4-spark\system\CodeIgniter.php(368): CodeIgniter\CodeIgniter->tryToRouteIt(Object(CodeIgniter\Router\RouteCollection))
#3 C:\xampp\htdocs\ci4-project\ci4-spark\system\CodeIgniter.php(326): CodeIgniter\CodeIgniter->handleRequest(NULL, Object(Config\Cache), false)
#4 C:\xampp\htdocs\ci4-project\ci4-spark\public\index.php(37): CodeIgniter\CodeIgniter->run()
#5 C:\xampp\htdocs\ci4-project\ci4-spark\system\Commands\Server\rewrite.php(43): require_once('C:\\xampp\\htdocs...')
#6 {main}
CRITICAL - 2022-03-20 23:09:51 --> There is no data to update.
#0 C:\xampp\htdocs\ci4-project\ci4-spark\system\BaseModel.php(1574): CodeIgniter\Database\Exceptions\DataException::forEmptyDataset('update')
#1 C:\xampp\htdocs\ci4-project\ci4-spark\system\BaseModel.php(832): CodeIgniter\BaseModel->transformDataToArray(NULL, 'update')
#2 C:\xampp\htdocs\ci4-project\ci4-spark\system\Model.php(651): CodeIgniter\BaseModel->update(Array, NULL)
#3 C:\xampp\htdocs\ci4-project\ci4-spark\app\Controllers\Cliente.php(54): CodeIgniter\Model->update('::1')
#4 C:\xampp\htdocs\ci4-project\ci4-spark\system\CodeIgniter.php(832): App\Controllers\Cliente->edit('2')
#5 C:\xampp\htdocs\ci4-project\ci4-spark\system\CodeIgniter.php(419): CodeIgniter\CodeIgniter->runController(Object(App\Controllers\Cliente))
#6 C:\xampp\htdocs\ci4-project\ci4-spark\system\CodeIgniter.php(326): CodeIgniter\CodeIgniter->handleRequest(NULL, Object(Config\Cache), false)
#7 C:\xampp\htdocs\ci4-project\ci4-spark\public\index.php(37): CodeIgniter\CodeIgniter->run()
#8 C:\xampp\htdocs\ci4-project\ci4-spark\system\Commands\Server\rewrite.php(43): require_once('C:\\xampp\\htdocs...')
#9 {main}
CRITICAL - 2022-03-20 23:28:43 --> Undefined variable: dados
#0 C:\xampp\htdocs\ci4-project\ci4-spark\app\Views\cliente\form.php(81): CodeIgniter\Debug\Exceptions->errorHandler(8, 'Undefined varia...', 'C:\\xampp\\htdocs...', 81, Array)
#1 C:\xampp\htdocs\ci4-project\ci4-spark\system\View\View.php(210): include('C:\\xampp\\htdocs...')
#2 C:\xampp\htdocs\ci4-project\ci4-spark\system\View\View.php(213): CodeIgniter\View\View->CodeIgniter\View\{closure}()
#3 C:\xampp\htdocs\ci4-project\ci4-spark\system\Common.php(1089): CodeIgniter\View\View->render('cliente/form', Array, true)
#4 C:\xampp\htdocs\ci4-project\ci4-spark\app\Controllers\Cliente.php(27): view('cliente/form')
#5 C:\xampp\htdocs\ci4-project\ci4-spark\system\CodeIgniter.php(832): App\Controllers\Cliente->create()
#6 C:\xampp\htdocs\ci4-project\ci4-spark\system\CodeIgniter.php(419): CodeIgniter\CodeIgniter->runController(Object(App\Controllers\Cliente))
#7 C:\xampp\htdocs\ci4-project\ci4-spark\system\CodeIgniter.php(326): CodeIgniter\CodeIgniter->handleRequest(NULL, Object(Config\Cache), false)
#8 C:\xampp\htdocs\ci4-project\ci4-spark\public\index.php(37): CodeIgniter\CodeIgniter->run()
#9 C:\xampp\htdocs\ci4-project\ci4-spark\system\Commands\Server\rewrite.php(43): require_once('C:\\xampp\\htdocs...')
#10 {main}
CRITICAL - 2022-03-20 23:28:45 --> Undefined variable: dados
#0 C:\xampp\htdocs\ci4-project\ci4-spark\app\Views\cliente\form.php(81): CodeIgniter\Debug\Exceptions->errorHandler(8, 'Undefined varia...', 'C:\\xampp\\htdocs...', 81, Array)
#1 C:\xampp\htdocs\ci4-project\ci4-spark\system\View\View.php(210): include('C:\\xampp\\htdocs...')
#2 C:\xampp\htdocs\ci4-project\ci4-spark\system\View\View.php(213): CodeIgniter\View\View->CodeIgniter\View\{closure}()
#3 C:\xampp\htdocs\ci4-project\ci4-spark\system\Common.php(1089): CodeIgniter\View\View->render('cliente/form', Array, true)
#4 C:\xampp\htdocs\ci4-project\ci4-spark\app\Controllers\Cliente.php(27): view('cliente/form')
#5 C:\xampp\htdocs\ci4-project\ci4-spark\system\CodeIgniter.php(832): App\Controllers\Cliente->create()
#6 C:\xampp\htdocs\ci4-project\ci4-spark\system\CodeIgniter.php(419): CodeIgniter\CodeIgniter->runController(Object(App\Controllers\Cliente))
#7 C:\xampp\htdocs\ci4-project\ci4-spark\system\CodeIgniter.php(326): CodeIgniter\CodeIgniter->handleRequest(NULL, Object(Config\Cache), false)
#8 C:\xampp\htdocs\ci4-project\ci4-spark\public\index.php(37): CodeIgniter\CodeIgniter->run()
#9 C:\xampp\htdocs\ci4-project\ci4-spark\system\Commands\Server\rewrite.php(43): require_once('C:\\xampp\\htdocs...')
#10 {main}
CRITICAL - 2022-03-20 23:28:46 --> Undefined variable: dados
#0 C:\xampp\htdocs\ci4-project\ci4-spark\app\Views\cliente\form.php(81): CodeIgniter\Debug\Exceptions->errorHandler(8, 'Undefined varia...', 'C:\\xampp\\htdocs...', 81, Array)
#1 C:\xampp\htdocs\ci4-project\ci4-spark\system\View\View.php(210): include('C:\\xampp\\htdocs...')
#2 C:\xampp\htdocs\ci4-project\ci4-spark\system\View\View.php(213): CodeIgniter\View\View->CodeIgniter\View\{closure}()
#3 C:\xampp\htdocs\ci4-project\ci4-spark\system\Common.php(1089): CodeIgniter\View\View->render('cliente/form', Array, true)
#4 C:\xampp\htdocs\ci4-project\ci4-spark\app\Controllers\Cliente.php(27): view('cliente/form')
#5 C:\xampp\htdocs\ci4-project\ci4-spark\system\CodeIgniter.php(832): App\Controllers\Cliente->create()
#6 C:\xampp\htdocs\ci4-project\ci4-spark\system\CodeIgniter.php(419): CodeIgniter\CodeIgniter->runController(Object(App\Controllers\Cliente))
#7 C:\xampp\htdocs\ci4-project\ci4-spark\system\CodeIgniter.php(326): CodeIgniter\CodeIgniter->handleRequest(NULL, Object(Config\Cache), false)
#8 C:\xampp\htdocs\ci4-project\ci4-spark\public\index.php(37): CodeIgniter\CodeIgniter->run()
#9 C:\xampp\htdocs\ci4-project\ci4-spark\system\Commands\Server\rewrite.php(43): require_once('C:\\xampp\\htdocs...')
#10 {main}
CRITICAL - 2022-03-20 23:28:47 --> Undefined variable: dados
#0 C:\xampp\htdocs\ci4-project\ci4-spark\app\Views\cliente\form.php(81): CodeIgniter\Debug\Exceptions->errorHandler(8, 'Undefined varia...', 'C:\\xampp\\htdocs...', 81, Array)
#1 C:\xampp\htdocs\ci4-project\ci4-spark\system\View\View.php(210): include('C:\\xampp\\htdocs...')
#2 C:\xampp\htdocs\ci4-project\ci4-spark\system\View\View.php(213): CodeIgniter\View\View->CodeIgniter\View\{closure}()
#3 C:\xampp\htdocs\ci4-project\ci4-spark\system\Common.php(1089): CodeIgniter\View\View->render('cliente/form', Array, true)
#4 C:\xampp\htdocs\ci4-project\ci4-spark\app\Controllers\Cliente.php(27): view('cliente/form')
#5 C:\xampp\htdocs\ci4-project\ci4-spark\system\CodeIgniter.php(832): App\Controllers\Cliente->create()
#6 C:\xampp\htdocs\ci4-project\ci4-spark\system\CodeIgniter.php(419): CodeIgniter\CodeIgniter->runController(Object(App\Controllers\Cliente))
#7 C:\xampp\htdocs\ci4-project\ci4-spark\system\CodeIgniter.php(326): CodeIgniter\CodeIgniter->handleRequest(NULL, Object(Config\Cache), false)
#8 C:\xampp\htdocs\ci4-project\ci4-spark\public\index.php(37): CodeIgniter\CodeIgniter->run()
#9 C:\xampp\htdocs\ci4-project\ci4-spark\system\Commands\Server\rewrite.php(43): require_once('C:\\xampp\\htdocs...')
#10 {main}
CRITICAL - 2022-03-20 23:28:49 --> Undefined variable: dados
#0 C:\xampp\htdocs\ci4-project\ci4-spark\app\Views\cliente\form.php(81): CodeIgniter\Debug\Exceptions->errorHandler(8, 'Undefined varia...', 'C:\\xampp\\htdocs...', 81, Array)
#1 C:\xampp\htdocs\ci4-project\ci4-spark\system\View\View.php(210): include('C:\\xampp\\htdocs...')
#2 C:\xampp\htdocs\ci4-project\ci4-spark\system\View\View.php(213): CodeIgniter\View\View->CodeIgniter\View\{closure}()
#3 C:\xampp\htdocs\ci4-project\ci4-spark\system\Common.php(1089): CodeIgniter\View\View->render('cliente/form', Array, true)
#4 C:\xampp\htdocs\ci4-project\ci4-spark\app\Controllers\Cliente.php(27): view('cliente/form')
#5 C:\xampp\htdocs\ci4-project\ci4-spark\system\CodeIgniter.php(832): App\Controllers\Cliente->create()
#6 C:\xampp\htdocs\ci4-project\ci4-spark\system\CodeIgniter.php(419): CodeIgniter\CodeIgniter->runController(Object(App\Controllers\Cliente))
#7 C:\xampp\htdocs\ci4-project\ci4-spark\system\CodeIgniter.php(326): CodeIgniter\CodeIgniter->handleRequest(NULL, Object(Config\Cache), false)
#8 C:\xampp\htdocs\ci4-project\ci4-spark\public\index.php(37): CodeIgniter\CodeIgniter->run()
#9 C:\xampp\htdocs\ci4-project\ci4-spark\system\Commands\Server\rewrite.php(43): require_once('C:\\xampp\\htdocs...')
#10 {main}
CRITICAL - 2022-03-20 23:37:16 --> Too few arguments to function App\Controllers\Cliente::delete(), 0 passed in C:\xampp\htdocs\ci4-project\ci4-spark\system\CodeIgniter.php on line 832 and exactly 1 expected
#0 C:\xampp\htdocs\ci4-project\ci4-spark\system\CodeIgniter.php(832): App\Controllers\Cliente->delete()
#1 C:\xampp\htdocs\ci4-project\ci4-spark\system\CodeIgniter.php(419): CodeIgniter\CodeIgniter->runController(Object(App\Controllers\Cliente))
#2 C:\xampp\htdocs\ci4-project\ci4-spark\system\CodeIgniter.php(326): CodeIgniter\CodeIgniter->handleRequest(NULL, Object(Config\Cache), false)
#3 C:\xampp\htdocs\ci4-project\ci4-spark\public\index.php(37): CodeIgniter\CodeIgniter->run()
#4 C:\xampp\htdocs\ci4-project\ci4-spark\system\Commands\Server\rewrite.php(43): require_once('C:\\xampp\\htdocs...')
#5 {main}
